<?xml version="1.0" encoding="UTF-8"?>
<!-- Generated by org.testng.reporters.JUnitReportReporter -->
<testsuite skipped="0" hostname="PC444908" name="com.amazon.test.base.TestBase" tests="1" failures="0" timestamp="22 Jan 2020 05:20:49 GMT" time="63.947" errors="0">
  <testcase name="initialization" time="63.947" classname="com.amazon.test.base.TestBase"/>
</testsuite> <!-- com.amazon.test.base.TestBase -->
